生成启动时间为 2/14/2014 5:43:59 PM。
     1>项目“D:\C++\WorkSpace\SunSystem\SunSystem\SunSystem.vcxproj”在节点 2 上(Build 个目标)。
     1>ClCompile:
         D:\Program Files (x86)\Microsoft Visual Studio 12.0\VC\bin\CL.exe /c /ZI /nologo /W3 /WX- /Od /Oy- /D WIN32 /D _DEBUG /D _CONSOLE /D _LIB /D _UNICODE /D UNICODE /Gm /EHsc /RTC1 /MDd /GS /fp:precise /Zc:wchar_t /Zc:forScope /Fo"Debug\\" /Fd"Debug\vc120.pdb" /Gd /TP /analyze- /errorReport:prompt SunSystem.cpp
         SunSystem.cpp
     1>d:\c++\workspace\sunsystem\sunsystem\sunsystem.cpp(48): warning C4305: “初始化”: 从“double”到“const GLfloat”截断
     1>d:\c++\workspace\sunsystem\sunsystem\sunsystem.cpp(66): warning C4305: “参数”: 从“double”到“GLfloat”截断
     1>d:\c++\workspace\sunsystem\sunsystem\sunsystem.cpp(80): warning C4305: “参数”: 从“double”到“GLfloat”截断
     1>d:\c++\workspace\sunsystem\sunsystem\sunsystem.cpp(118): warning C4244: “=”: 从“double”转换到“GLfloat”，可能丢失数据
     1>d:\c++\workspace\sunsystem\sunsystem\sunsystem.cpp(119): warning C4244: “=”: 从“double”转换到“GLfloat”，可能丢失数据
     1>d:\c++\workspace\sunsystem\sunsystem\sunsystem.cpp(120): warning C4244: “参数”: 从“double”转换到“float”，可能丢失数据
     1>d:\c++\workspace\sunsystem\sunsystem\sunsystem.cpp(141): warning C4305: “参数”: 从“double”到“float”截断
     1>d:\c++\workspace\sunsystem\sunsystem\sunsystem.cpp(145): warning C4305: “参数”: 从“double”到“float”截断
       Link:
         D:\Program Files (x86)\Microsoft Visual Studio 12.0\VC\bin\link.exe /ERRORREPORT:PROMPT /OUT:"D:\C++\WorkSpace\SunSystem\Debug\SunSystem.exe" /INCREMENTAL /NOLOGO gltools.lib kernel32.lib user32.lib gdi32.lib winspool.lib comdlg32.lib advapi32.lib shell32.lib ole32.lib oleaut32.lib uuid.lib odbc32.lib odbccp32.lib /MANIFEST /MANIFESTUAC:"level='asInvoker' uiAccess='false'" /manifest:embed /DEBUG /PDB:"D:\C++\WorkSpace\SunSystem\Debug\SunSystem.pdb" /SUBSYSTEM:CONSOLE /TLBID:1 /DYNAMICBASE /NXCOMPAT /IMPLIB:"D:\C++\WorkSpace\SunSystem\Debug\SunSystem.lib" /MACHINE:X86 Debug\Eclipse.obj
         Debug\Ellipsoid.obj
         Debug\LoadShader.obj
         Debug\SunSystem.obj
         Debug\Util.obj
         Debug\GLVertexBuffer.obj
         SunSystem.vcxproj -> D:\C++\WorkSpace\SunSystem\Debug\SunSystem.exe
     1>已完成生成项目“D:\C++\WorkSpace\SunSystem\SunSystem\SunSystem.vcxproj”(Build 个目标)的操作。

生成成功。

已用时间 00:00:02.08
